<?xml version="1.0" encoding="UTF-8"?>
<!-- Generated by org.testng.reporters.JUnitReportReporter -->
<testsuite skipped="0" hostname="DESKTOP-250U10H" name="com.bank.testcases.WelcomeTest" tests="1" failures="0" timestamp="2020-05-20T21:29:46 EDT" time="13.773" errors="0">
  <testcase name="signin" time="13.773" classname="com.bank.testcases.WelcomeTest"/>
</testsuite> <!-- com.bank.testcases.WelcomeTest -->
